<?xml version="1.0" encoding="UTF-8"?>
<coverage generated="1781146129702" clover="3.2.0">
  <project timestamp="1781146129702" name="All files">
    <metrics statements="22" coveredstatements="22" conditionals="8" coveredconditionals="8" methods="2" coveredmethods="2" elements="32" coveredelements="32" complexity="0" loc="22" ncloc="22" packages="1" files="1" classes="1"/>
    <file name="AuthService.js" path="C:\Users\DANIEL\Documents\DSM\Integrador_4\EasyHealthApiV2\src\services\AuthService.js">
      <metrics statements="22" coveredstatements="22" conditionals="8" coveredconditionals="8" methods="2" coveredmethods="2"/>
      <line num="3" count="1" type="stmt"/>
      <line num="4" count="1" type="stmt"/>
      <line num="5" count="1" type="stmt"/>
      <line num="6" count="1" type="stmt"/>
      <line num="8" count="1" type="stmt"/>
      <line num="11" count="3" type="stmt"/>
      <line num="15" count="3" type="cond" truecount="2" falsecount="0"/>
      <line num="16" count="1" type="stmt"/>
      <line num="19" count="2" type="stmt"/>
      <line num="22" count="2" type="stmt"/>
      <line num="28" count="2" type="stmt"/>
      <line num="29" count="2" type="stmt"/>
      <line num="34" count="4" type="stmt"/>
      <line num="35" count="4" type="cond" truecount="2" falsecount="0"/>
      <line num="36" count="1" type="stmt"/>
      <line num="39" count="3" type="stmt"/>
      <line num="40" count="3" type="cond" truecount="2" falsecount="0"/>
      <line num="41" count="1" type="stmt"/>
      <line num="44" count="2" type="stmt"/>
      <line num="51" count="2" type="stmt"/>
      <line num="52" count="2" type="stmt"/>
      <line num="56" count="1" type="stmt"/>
    </file>
  </project>
</coverage>
