{"C:\\Users\\DANIEL\\Documents\\DSM\\Integrador_4\\EasyHealthApiV2\\src\\services\\AuthService.js": {"path":"C:\\Users\\DANIEL\\Documents\\DSM\\Integrador_4\\EasyHealthApiV2\\src\\services\\AuthService.js","statementMap":{"0":{"start":{"line":3,"column":13},"end":{"line":3,"column":38}},"1":{"start":{"line":4,"column":15},"end":{"line":4,"column":32}},"2":{"start":{"line":5,"column":12},"end":{"line":5,"column":35}},"3":{"start":{"line":6,"column":0},"end":{"line":6,"column":27}},"4":{"start":{"line":8,"column":20},"end":{"line":54,"column":1}},"5":{"start":{"line":11,"column":29},"end":{"line":13,"column":10}},"6":{"start":{"line":15,"column":8},"end":{"line":17,"column":9}},"7":{"start":{"line":16,"column":12},"end":{"line":16,"column":59}},"8":{"start":{"line":19,"column":31},"end":{"line":19,"column":71}},"9":{"start":{"line":22,"column":24},"end":{"line":25,"column":10}},"10":{"start":{"line":28,"column":53},"end":{"line":28,"column":65}},"11":{"start":{"line":29,"column":8},"end":{"line":29,"column":35}},"12":{"start":{"line":34,"column":21},"end":{"line":34,"column":50}},"13":{"start":{"line":35,"column":8},"end":{"line":37,"column":9}},"14":{"start":{"line":36,"column":12},"end":{"line":36,"column":57}},"15":{"start":{"line":39,"column":32},"end":{"line":39,"column":77}},"16":{"start":{"line":40,"column":8},"end":{"line":42,"column":9}},"17":{"start":{"line":41,"column":12},"end":{"line":41,"column":57}},"18":{"start":{"line":44,"column":22},"end":{"line":48,"column":9}},"19":{"start":{"line":51,"column":56},"end":{"line":51,"column":65}},"20":{"start":{"line":52,"column":8},"end":{"line":52,"column":52}},"21":{"start":{"line":56,"column":0},"end":{"line":56,"column":29}}},"fnMap":{"0":{"name":"(anonymous_0)","decl":{"start":{"line":9,"column":14},"end":{"line":9,"column":15}},"loc":{"start":{"line":9,"column":34},"end":{"line":30,"column":5}},"line":9},"1":{"name":"(anonymous_1)","decl":{"start":{"line":32,"column":11},"end":{"line":32,"column":12}},"loc":{"start":{"line":32,"column":38},"end":{"line":53,"column":5}},"line":32}},"branchMap":{"0":{"loc":{"start":{"line":15,"column":8},"end":{"line":17,"column":9}},"type":"if","locations":[{"start":{"line":15,"column":8},"end":{"line":17,"column":9}},{"start":{},"end":{}}],"line":15},"1":{"loc":{"start":{"line":35,"column":8},"end":{"line":37,"column":9}},"type":"if","locations":[{"start":{"line":35,"column":8},"end":{"line":37,"column":9}},{"start":{},"end":{}}],"line":35},"2":{"loc":{"start":{"line":40,"column":8},"end":{"line":42,"column":9}},"type":"if","locations":[{"start":{"line":40,"column":8},"end":{"line":42,"column":9}},{"start":{},"end":{}}],"line":40},"3":{"loc":{"start":{"line":47,"column":25},"end":{"line":47,"column":59}},"type":"binary-expr","locations":[{"start":{"line":47,"column":25},"end":{"line":47,"column":51}},{"start":{"line":47,"column":55},"end":{"line":47,"column":59}}],"line":47}},"s":{"0":1,"1":1,"2":1,"3":1,"4":1,"5":3,"6":3,"7":1,"8":2,"9":2,"10":2,"11":2,"12":4,"13":4,"14":1,"15":3,"16":3,"17":1,"18":2,"19":2,"20":2,"21":1},"f":{"0":3,"1":4},"b":{"0":[1,2],"1":[1,3],"2":[1,2],"3":[2,2]},"_coverageSchema":"1a1c01bbd47fc00a2c39e90264f33305004495a9","hash":"afdc6c5ff68b884b789e8c6fc39b7757fd9d5742"}
}
